================================================================================
Evaluating Car_Evaluation
================================================================================

Loading training data...
Loaded multi-class data:
  Class 1: 968 samples
  Class 2: 362 samples
  Class 3: 52 samples
  Features: 6
Loading test data...
Loaded multi-class data:
  Class 1: 242 samples
  Class 2: 91 samples
  Class 3: 13 samples
  Features: 6
Training samples: Class 1=968, Class 2=362, Class 3=52
Testing samples: Class 1=242, Class 2=91, Class 3=13

Training Test3 model...
============================================================
Training Hierarchical CE-SVM (Strategy: test3)
============================================================
Class 1: 968 samples
Class 2: 362 samples
Class 3: 52 samples
Features: 6

Dynamic Class Roles:
  Majority:  Class 1 (968 samples)
  Medium:    Class 2 (362 samples)
  Minority:  Class 3 (52 samples)

============================================================
Training H1: Class 3 (+1) vs {Class 1, 2} (-1)
============================================================
H1 Training samples: 1382
  Positive (+1): 52 samples
  Negative (-1): 1330 samples
  Class weight: balanced
  Accuracy mode: both

Set parameter Username
Set parameter LicenseID to value 2749150
Academic license - for non-commercial use only - expires 2026-12-03
Set parameter TimeLimit to value 1800
Set parameter MIPGap to value 0.0001
Time limit reached. Using best solution found (gap: 12.18%)

H1 Solution:
  Weights (w): [-2. -1.  0.  1.  2.  4.]
  Intercept (b): -17.0
  Objective: 80.986675
  Selected features: 6/6
  L1 norm: 10.000000
  Positive accuracy lb: 0.6538
  Negative accuracy lb: 0.9992

============================================================
Training H2: Class {2, 3} (+1) vs Class 1 (-1)
============================================================
H2 Training samples: 1382
  Positive (+1): 414 samples
  Negative (-1): 968 samples
  Class weight: balanced
  Accuracy mode: both

Set parameter TimeLimit to value 1800
Set parameter MIPGap to value 0.0001
Traceback (most recent call last):
  File "/home/bs10081/Developer/hcesvm/examples/evaluate_test3_models.py", line 116, in <module>
    result = evaluate_dataset(dataset_name, dataset_path)
             ^^^^^^^^^^^^^^^^^^^^^^^^^^^^^^^^^^^^^^^^^^^^
  File "/home/bs10081/Developer/hcesvm/examples/evaluate_test3_models.py", line 83, in evaluate_dataset
    train_metrics = evaluate_hierarchical_model(hc, X_train_all, y_train_all)
                    ^^^^^^^^^^^^^^^^^^^^^^^^^^^^^^^^^^^^^^^^^^^^^^^^^^^^^^^^^
TypeError: evaluate_hierarchical_model() takes 2 positional arguments but 3 were given
Time limit reached. Using best solution found (gap: 57.59%)

H2 Solution:
  Weights (w): [-1. -1.  0.  2.  1.  3.]
  Intercept (b): -12.0
  Objective: 377.996790
  Selected features: 6/6
  L1 norm: 8.000000
  Positive accuracy lb: 0.9372
  Negative accuracy lb: 0.9163

============================================================
Training Complete!
============================================================

------------------------------------------------------------
Training Set:

Error evaluating Car_Evaluation: evaluate_hierarchical_model() takes 2 positional arguments but 3 were given
================================================================================
Evaluating New_Thyroid
================================================================================

Loading training data...
Loaded multi-class data:
  Class 1: 120 samples
  Class 2: 28 samples
  Class 3: 24 samples
  Features: 5
Loading test data...
Loaded multi-class data:
  Class 1: 30 samples
  Class 2: 7 samples
  Class 3: 6 samples
  Features: 5
Training samples: Class 1=120, Class 2=28, Class 3=24
Testing samples: Class 1=30, Class 2=7, Class 3=6

Training Test3 model...
============================================================
Training Hierarchical CE-SVM (Strategy: test3)
============================================================
Class 1: 120 samples
Class 2: 28 samples
Class 3: 24 samples
Features: 5

Dynamic Class Roles:
  Majority:  Class 1 (120 samples)
  Medium:    Class 2 (28 samples)
  Minority:  Class 3 (24 samples)

============================================================
Training H1: Class 3 (+1) vs {Class 1, 2} (-1)
============================================================
H1 Training samples: 172
  Positive (+1): 24 samples
  Negative (-1): 148 samples
  Class weight: balanced
  Accuracy mode: both

Set parameter TimeLimit to value 1800
Set parameter MIPGap to value 0.0001

H1 Solution:
  Weights (w): [-0.04305757 -2.98016449  0.          0.          0.98693759]
  Intercept (b): 14.69908079342041
  Objective: 4.961736
  Selected features: 5/5
  L1 norm: 4.010160
  Positive accuracy lb: 1.0000
  Negative accuracy lb: 1.0000

============================================================
Training H2: Class {2, 3} (+1) vs Class 1 (-1)
============================================================
H2 Training samples: 172
  Positive (+1): 52 samples
  Negative (-1): 120 samples
  Class weight: balanced
  Accuracy mode: both

Set parameter TimeLimit to value 1800
Set parameter MIPGap to value 0.0001
Traceback (most recent call last):
  File "/home/bs10081/Developer/hcesvm/examples/evaluate_test3_models.py", line 116, in <module>
    result = evaluate_dataset(dataset_name, dataset_path)
             ^^^^^^^^^^^^^^^^^^^^^^^^^^^^^^^^^^^^^^^^^^^^
  File "/home/bs10081/Developer/hcesvm/examples/evaluate_test3_models.py", line 83, in evaluate_dataset
    train_metrics = evaluate_hierarchical_model(hc, X_train_all, y_train_all)
                    ^^^^^^^^^^^^^^^^^^^^^^^^^^^^^^^^^^^^^^^^^^^^^^^^^^^^^^^^^
TypeError: evaluate_hierarchical_model() takes 2 positional arguments but 3 were given

H2 Solution:
  Weights (w): [-0.12271765  0.90528795  2.29472739  1.64172661  0.26808284]
  Intercept (b): -6.132620726790744
  Objective: 34.208076
  Selected features: 5/5
  L1 norm: 5.232542
  Positive accuracy lb: 0.8462
  Negative accuracy lb: 0.9833

============================================================
Training Complete!
============================================================

------------------------------------------------------------
Training Set:

Error evaluating New_Thyroid: evaluate_hierarchical_model() takes 2 positional arguments but 3 were given

================================================================================
SUMMARY
================================================================================
